<?xml version="1.0" encoding="UTF-8"?>
<testsuite xmlns:xsi="http://www.w3.org/2001/XMLSchema-instance" xsi:noNamespaceSchemaLocation="https://maven.apache.org/surefire/maven-surefire-plugin/xsd/surefire-test-report.xsd" name="PostmanApp.PostmanTest" time="3.476" tests="1" errors="0" skipped="0" failures="1">
  <properties>
    <property name="sun.desktop" value="windows"/>
    <property name="awt.toolkit" value="sun.awt.windows.WToolkit"/>
    <property name="java.specification.version" value="11"/>
    <property name="sun.cpu.isalist" value="amd64"/>
    <property name="sun.jnu.encoding" value="Cp1252"/>
    <property name="java.class.path" value="C:\tallerKarate\Example02\KaratePerficient\target\test-classes;C:\tallerKarate\Example02\KaratePerficient\target\classes;C:\Users\david.munozm\.m2\repository\com\intuit\karate\karate-junit5\1.0.1\karate-junit5-1.0.1.jar;C:\Users\david.munozm\.m2\repository\org\junit\jupiter\junit-jupiter-api\5.7.0\junit-jupiter-api-5.7.0.jar;C:\Users\david.munozm\.m2\repository\org\apiguardian\apiguardian-api\1.1.0\apiguardian-api-1.1.0.jar;C:\Users\david.munozm\.m2\repository\org\opentest4j\opentest4j\1.2.0\opentest4j-1.2.0.jar;C:\Users\david.munozm\.m2\repository\org\junit\platform\junit-platform-commons\1.7.0\junit-platform-commons-1.7.0.jar;C:\Users\david.munozm\.m2\repository\org\junit\jupiter\junit-jupiter-engine\5.7.0\junit-jupiter-engine-5.7.0.jar;C:\Users\david.munozm\.m2\repository\org\junit\platform\junit-platform-engine\1.7.0\junit-platform-engine-1.7.0.jar;C:\Users\david.munozm\.m2\repository\com\github\javafaker\javafaker\1.0.2\javafaker-1.0.2.jar;C:\Users\david.munozm\.m2\repository\org\apache\commons\commons-lang3\3.5\commons-lang3-3.5.jar;C:\Users\david.munozm\.m2\repository\org\yaml\snakeyaml\1.23\snakeyaml-1.23-android.jar;C:\Users\david.munozm\.m2\repository\com\github\mifmif\generex\1.0.2\generex-1.0.2.jar;C:\Users\david.munozm\.m2\repository\dk\brics\automaton\automaton\1.11-8\automaton-1.11-8.jar;C:\Users\david.munozm\.m2\repository\net\masterthought\cucumber-reporting\5.6.1\cucumber-reporting-5.6.1.jar;C:\Users\david.munozm\.m2\repository\com\fasterxml\jackson\core\jackson-databind\2.12.1\jackson-databind-2.12.1.jar;C:\Users\david.munozm\.m2\repository\com\fasterxml\jackson\core\jackson-annotations\2.12.1\jackson-annotations-2.12.1.jar;C:\Users\david.munozm\.m2\repository\com\fasterxml\jackson\core\jackson-core\2.12.1\jackson-core-2.12.1.jar;C:\Users\david.munozm\.m2\repository\com\fasterxml\jackson\datatype\jackson-datatype-jsr310\2.12.1\jackson-datatype-jsr310-2.12.1.jar;C:\Users\david.munozm\.m2\repository\org\apache\velocity\velocity-engine-core\2.3\velocity-engine-core-2.3.jar;C:\Users\david.munozm\.m2\repository\org\slf4j\slf4j-api\1.7.30\slf4j-api-1.7.30.jar;C:\Users\david.munozm\.m2\repository\commons-collections\commons-collections\3.2.2\commons-collections-3.2.2.jar;C:\Users\david.munozm\.m2\repository\joda-time\joda-time\2.10.10\joda-time-2.10.10.jar;C:\Users\david.munozm\.m2\repository\commons-io\commons-io\2.7\commons-io-2.7.jar;C:\Users\david.munozm\.m2\repository\org\codehaus\plexus\plexus-utils\3.3.0\plexus-utils-3.3.0.jar;C:\Users\david.munozm\.m2\repository\org\jsoup\jsoup\1.14.2\jsoup-1.14.2.jar;C:\Users\david.munozm\.m2\repository\com\google\guava\guava\30.1.1-jre\guava-30.1.1-jre.jar;C:\Users\david.munozm\.m2\repository\com\google\guava\failureaccess\1.0.1\failureaccess-1.0.1.jar;C:\Users\david.munozm\.m2\repository\com\google\guava\listenablefuture\9999.0-empty-to-avoid-conflict-with-guava\listenablefuture-9999.0-empty-to-avoid-conflict-with-guava.jar;C:\Users\david.munozm\.m2\repository\com\google\code\findbugs\jsr305\3.0.2\jsr305-3.0.2.jar;C:\Users\david.munozm\.m2\repository\org\checkerframework\checker-qual\3.8.0\checker-qual-3.8.0.jar;C:\Users\david.munozm\.m2\repository\com\google\errorprone\error_prone_annotations\2.5.1\error_prone_annotations-2.5.1.jar;C:\Users\david.munozm\.m2\repository\com\google\j2objc\j2objc-annotations\1.3\j2objc-annotations-1.3.jar;C:\Users\david.munozm\.m2\repository\com\googlecode\owasp-java-html-sanitizer\owasp-java-html-sanitizer\20211018.2\owasp-java-html-sanitizer-20211018.2.jar;C:\Users\david.munozm\.m2\repository\commons-configuration\commons-configuration\1.10\commons-configuration-1.10.jar;C:\Users\david.munozm\.m2\repository\commons-lang\commons-lang\2.6\commons-lang-2.6.jar;C:\Users\david.munozm\.m2\repository\commons-logging\commons-logging\1.1.1\commons-logging-1.1.1.jar;C:\Users\david.munozm\.m2\repository\com\intuit\karate\karate-apache\0.9.6\karate-apache-0.9.6.jar;C:\Users\david.munozm\.m2\repository\org\apache\httpcomponents\httpclient\4.5.12\httpclient-4.5.12.jar;C:\Users\david.munozm\.m2\repository\org\apache\httpcomponents\httpcore\4.4.13\httpcore-4.4.13.jar;C:\Users\david.munozm\.m2\repository\commons-codec\commons-codec\1.11\commons-codec-1.11.jar;C:\Users\david.munozm\.m2\repository\org\apache\httpcomponents\httpmime\4.5.12\httpmime-4.5.12.jar;C:\Users\david.munozm\.m2\repository\org\slf4j\jcl-over-slf4j\1.7.25\jcl-over-slf4j-1.7.25.jar;C:\Users\david.munozm\.m2\repository\ch\qos\logback\logback-classic\1.2.3\logback-classic-1.2.3.jar;C:\Users\david.munozm\.m2\repository\ch\qos\logback\logback-core\1.2.3\logback-core-1.2.3.jar;C:\Users\david.munozm\.m2\repository\com\intuit\karate\karate-core\1.2.0.RC4\karate-core-1.2.0.RC4.jar;C:\Users\david.munozm\.m2\repository\org\graalvm\js\js-scriptengine\21.2.0\js-scriptengine-21.2.0.jar;C:\Users\david.munozm\.m2\repository\org\graalvm\sdk\graal-sdk\21.2.0\graal-sdk-21.2.0.jar;C:\Users\david.munozm\.m2\repository\org\graalvm\js\js\21.2.0\js-21.2.0.jar;C:\Users\david.munozm\.m2\repository\org\graalvm\regex\regex\21.2.0\regex-21.2.0.jar;C:\Users\david.munozm\.m2\repository\org\graalvm\truffle\truffle-api\21.2.0\truffle-api-21.2.0.jar;C:\Users\david.munozm\.m2\repository\com\ibm\icu\icu4j\69.1\icu4j-69.1.jar;C:\Users\david.munozm\.m2\repository\com\jayway\jsonpath\json-path\2.6.0\json-path-2.6.0.jar;C:\Users\david.munozm\.m2\repository\net\minidev\json-smart\2.4.7\json-smart-2.4.7.jar;C:\Users\david.munozm\.m2\repository\net\minidev\accessors-smart\2.4.7\accessors-smart-2.4.7.jar;C:\Users\david.munozm\.m2\repository\org\ow2\asm\asm\9.1\asm-9.1.jar;C:\Users\david.munozm\.m2\repository\info\cukes\cucumber-java\1.2.5\cucumber-java-1.2.5.jar;C:\Users\david.munozm\.m2\repository\info\cukes\cucumber-core\1.2.5\cucumber-core-1.2.5.jar;C:\Users\david.munozm\.m2\repository\org\yaml\snakeyaml\1.29\snakeyaml-1.29.jar;C:\Users\david.munozm\.m2\repository\de\siegmar\fastcsv\2.0.0\fastcsv-2.0.0.jar;C:\Users\david.munozm\.m2\repository\info\picocli\picocli\4.6.1\picocli-4.6.1.jar;C:\Users\david.munozm\.m2\repository\com\intuit\karate\karate-ui\0.9.5.RC3\karate-ui-0.9.5.RC3.jar;C:\Users\david.munozm\.m2\repository\org\openjfx\javafx-controls\13-ea+12\javafx-controls-13-ea+12.jar;C:\Users\david.munozm\.m2\repository\org\openjfx\javafx-controls\13-ea+12\javafx-controls-13-ea+12-win.jar;C:\Users\david.munozm\.m2\repository\org\openjfx\javafx-graphics\13-ea+12\javafx-graphics-13-ea+12.jar;C:\Users\david.munozm\.m2\repository\org\openjfx\javafx-graphics\13-ea+12\javafx-graphics-13-ea+12-win.jar;C:\Users\david.munozm\.m2\repository\org\openjfx\javafx-base\13-ea+12\javafx-base-13-ea+12.jar;C:\Users\david.munozm\.m2\repository\org\openjfx\javafx-base\13-ea+12\javafx-base-13-ea+12-win.jar;C:\Users\david.munozm\.m2\repository\com\intuit\karate\karate-junit4\1.2.0.RC4\karate-junit4-1.2.0.RC4.jar;C:\Users\david.munozm\.m2\repository\junit\junit\4.13.1\junit-4.13.1.jar;C:\Users\david.munozm\.m2\repository\org\hamcrest\hamcrest-core\1.3\hamcrest-core-1.3.jar;"/>
    <property name="java.vm.vendor" value="Oracle Corporation"/>
    <property name="sun.arch.data.model" value="64"/>
    <property name="user.variant" value=""/>
    <property name="java.vendor.url" value="https://openjdk.java.net/"/>
    <property name="user.timezone" value="America/Bogota"/>
    <property name="user.country.format" value="CO"/>
    <property name="java.vm.specification.version" value="11"/>
    <property name="os.name" value="Windows 10"/>
    <property name="sun.java.launcher" value="SUN_STANDARD"/>
    <property name="user.country" value="US"/>
    <property name="sun.boot.library.path" value="C:\Program Files\Java\jdk-11.0.13\bin"/>
    <property name="sun.java.command" value="C:\Users\DAVID~1.MUN\AppData\Local\Temp\surefire9083809889934900917\surefirebooter10261025778360012410.jar C:\Users\david.munozm\AppData\Local\Temp\surefire9083809889934900917 2022-04-01T15-31-25_841-jvmRun1 surefire17828286171039409824tmp surefire_02727027376716262918tmp"/>
    <property name="jdk.debug" value="release"/>
    <property name="surefire.test.class.path" value="C:\tallerKarate\Example02\KaratePerficient\target\test-classes;C:\tallerKarate\Example02\KaratePerficient\target\classes;C:\Users\david.munozm\.m2\repository\com\intuit\karate\karate-junit5\1.0.1\karate-junit5-1.0.1.jar;C:\Users\david.munozm\.m2\repository\org\junit\jupiter\junit-jupiter-api\5.7.0\junit-jupiter-api-5.7.0.jar;C:\Users\david.munozm\.m2\repository\org\apiguardian\apiguardian-api\1.1.0\apiguardian-api-1.1.0.jar;C:\Users\david.munozm\.m2\repository\org\opentest4j\opentest4j\1.2.0\opentest4j-1.2.0.jar;C:\Users\david.munozm\.m2\repository\org\junit\platform\junit-platform-commons\1.7.0\junit-platform-commons-1.7.0.jar;C:\Users\david.munozm\.m2\repository\org\junit\jupiter\junit-jupiter-engine\5.7.0\junit-jupiter-engine-5.7.0.jar;C:\Users\david.munozm\.m2\repository\org\junit\platform\junit-platform-engine\1.7.0\junit-platform-engine-1.7.0.jar;C:\Users\david.munozm\.m2\repository\com\github\javafaker\javafaker\1.0.2\javafaker-1.0.2.jar;C:\Users\david.munozm\.m2\repository\org\apache\commons\commons-lang3\3.5\commons-lang3-3.5.jar;C:\Users\david.munozm\.m2\repository\org\yaml\snakeyaml\1.23\snakeyaml-1.23-android.jar;C:\Users\david.munozm\.m2\repository\com\github\mifmif\generex\1.0.2\generex-1.0.2.jar;C:\Users\david.munozm\.m2\repository\dk\brics\automaton\automaton\1.11-8\automaton-1.11-8.jar;C:\Users\david.munozm\.m2\repository\net\masterthought\cucumber-reporting\5.6.1\cucumber-reporting-5.6.1.jar;C:\Users\david.munozm\.m2\repository\com\fasterxml\jackson\core\jackson-databind\2.12.1\jackson-databind-2.12.1.jar;C:\Users\david.munozm\.m2\repository\com\fasterxml\jackson\core\jackson-annotations\2.12.1\jackson-annotations-2.12.1.jar;C:\Users\david.munozm\.m2\repository\com\fasterxml\jackson\core\jackson-core\2.12.1\jackson-core-2.12.1.jar;C:\Users\david.munozm\.m2\repository\com\fasterxml\jackson\datatype\jackson-datatype-jsr310\2.12.1\jackson-datatype-jsr310-2.12.1.jar;C:\Users\david.munozm\.m2\repository\org\apache\velocity\velocity-engine-core\2.3\velocity-engine-core-2.3.jar;C:\Users\david.munozm\.m2\repository\org\slf4j\slf4j-api\1.7.30\slf4j-api-1.7.30.jar;C:\Users\david.munozm\.m2\repository\commons-collections\commons-collections\3.2.2\commons-collections-3.2.2.jar;C:\Users\david.munozm\.m2\repository\joda-time\joda-time\2.10.10\joda-time-2.10.10.jar;C:\Users\david.munozm\.m2\repository\commons-io\commons-io\2.7\commons-io-2.7.jar;C:\Users\david.munozm\.m2\repository\org\codehaus\plexus\plexus-utils\3.3.0\plexus-utils-3.3.0.jar;C:\Users\david.munozm\.m2\repository\org\jsoup\jsoup\1.14.2\jsoup-1.14.2.jar;C:\Users\david.munozm\.m2\repository\com\google\guava\guava\30.1.1-jre\guava-30.1.1-jre.jar;C:\Users\david.munozm\.m2\repository\com\google\guava\failureaccess\1.0.1\failureaccess-1.0.1.jar;C:\Users\david.munozm\.m2\repository\com\google\guava\listenablefuture\9999.0-empty-to-avoid-conflict-with-guava\listenablefuture-9999.0-empty-to-avoid-conflict-with-guava.jar;C:\Users\david.munozm\.m2\repository\com\google\code\findbugs\jsr305\3.0.2\jsr305-3.0.2.jar;C:\Users\david.munozm\.m2\repository\org\checkerframework\checker-qual\3.8.0\checker-qual-3.8.0.jar;C:\Users\david.munozm\.m2\repository\com\google\errorprone\error_prone_annotations\2.5.1\error_prone_annotations-2.5.1.jar;C:\Users\david.munozm\.m2\repository\com\google\j2objc\j2objc-annotations\1.3\j2objc-annotations-1.3.jar;C:\Users\david.munozm\.m2\repository\com\googlecode\owasp-java-html-sanitizer\owasp-java-html-sanitizer\20211018.2\owasp-java-html-sanitizer-20211018.2.jar;C:\Users\david.munozm\.m2\repository\commons-configuration\commons-configuration\1.10\commons-configuration-1.10.jar;C:\Users\david.munozm\.m2\repository\commons-lang\commons-lang\2.6\commons-lang-2.6.jar;C:\Users\david.munozm\.m2\repository\commons-logging\commons-logging\1.1.1\commons-logging-1.1.1.jar;C:\Users\david.munozm\.m2\repository\com\intuit\karate\karate-apache\0.9.6\karate-apache-0.9.6.jar;C:\Users\david.munozm\.m2\repository\org\apache\httpcomponents\httpclient\4.5.12\httpclient-4.5.12.jar;C:\Users\david.munozm\.m2\repository\org\apache\httpcomponents\httpcore\4.4.13\httpcore-4.4.13.jar;C:\Users\david.munozm\.m2\repository\commons-codec\commons-codec\1.11\commons-codec-1.11.jar;C:\Users\david.munozm\.m2\repository\org\apache\httpcomponents\httpmime\4.5.12\httpmime-4.5.12.jar;C:\Users\david.munozm\.m2\repository\org\slf4j\jcl-over-slf4j\1.7.25\jcl-over-slf4j-1.7.25.jar;C:\Users\david.munozm\.m2\repository\ch\qos\logback\logback-classic\1.2.3\logback-classic-1.2.3.jar;C:\Users\david.munozm\.m2\repository\ch\qos\logback\logback-core\1.2.3\logback-core-1.2.3.jar;C:\Users\david.munozm\.m2\repository\com\intuit\karate\karate-core\1.2.0.RC4\karate-core-1.2.0.RC4.jar;C:\Users\david.munozm\.m2\repository\org\graalvm\js\js-scriptengine\21.2.0\js-scriptengine-21.2.0.jar;C:\Users\david.munozm\.m2\repository\org\graalvm\sdk\graal-sdk\21.2.0\graal-sdk-21.2.0.jar;C:\Users\david.munozm\.m2\repository\org\graalvm\js\js\21.2.0\js-21.2.0.jar;C:\Users\david.munozm\.m2\repository\org\graalvm\regex\regex\21.2.0\regex-21.2.0.jar;C:\Users\david.munozm\.m2\repository\org\graalvm\truffle\truffle-api\21.2.0\truffle-api-21.2.0.jar;C:\Users\david.munozm\.m2\repository\com\ibm\icu\icu4j\69.1\icu4j-69.1.jar;C:\Users\david.munozm\.m2\repository\com\jayway\jsonpath\json-path\2.6.0\json-path-2.6.0.jar;C:\Users\david.munozm\.m2\repository\net\minidev\json-smart\2.4.7\json-smart-2.4.7.jar;C:\Users\david.munozm\.m2\repository\net\minidev\accessors-smart\2.4.7\accessors-smart-2.4.7.jar;C:\Users\david.munozm\.m2\repository\org\ow2\asm\asm\9.1\asm-9.1.jar;C:\Users\david.munozm\.m2\repository\info\cukes\cucumber-java\1.2.5\cucumber-java-1.2.5.jar;C:\Users\david.munozm\.m2\repository\info\cukes\cucumber-core\1.2.5\cucumber-core-1.2.5.jar;C:\Users\david.munozm\.m2\repository\org\yaml\snakeyaml\1.29\snakeyaml-1.29.jar;C:\Users\david.munozm\.m2\repository\de\siegmar\fastcsv\2.0.0\fastcsv-2.0.0.jar;C:\Users\david.munozm\.m2\repository\info\picocli\picocli\4.6.1\picocli-4.6.1.jar;C:\Users\david.munozm\.m2\repository\com\intuit\karate\karate-ui\0.9.5.RC3\karate-ui-0.9.5.RC3.jar;C:\Users\david.munozm\.m2\repository\org\openjfx\javafx-controls\13-ea+12\javafx-controls-13-ea+12.jar;C:\Users\david.munozm\.m2\repository\org\openjfx\javafx-controls\13-ea+12\javafx-controls-13-ea+12-win.jar;C:\Users\david.munozm\.m2\repository\org\openjfx\javafx-graphics\13-ea+12\javafx-graphics-13-ea+12.jar;C:\Users\david.munozm\.m2\repository\org\openjfx\javafx-graphics\13-ea+12\javafx-graphics-13-ea+12-win.jar;C:\Users\david.munozm\.m2\repository\org\openjfx\javafx-base\13-ea+12\javafx-base-13-ea+12.jar;C:\Users\david.munozm\.m2\repository\org\openjfx\javafx-base\13-ea+12\javafx-base-13-ea+12-win.jar;C:\Users\david.munozm\.m2\repository\com\intuit\karate\karate-junit4\1.2.0.RC4\karate-junit4-1.2.0.RC4.jar;C:\Users\david.munozm\.m2\repository\junit\junit\4.13.1\junit-4.13.1.jar;C:\Users\david.munozm\.m2\repository\org\hamcrest\hamcrest-core\1.3\hamcrest-core-1.3.jar;"/>
    <property name="sun.cpu.endian" value="little"/>
    <property name="user.home" value="C:\Users\david.munozm"/>
    <property name="user.language" value="en"/>
    <property name="java.specification.vendor" value="Oracle Corporation"/>
    <property name="java.version.date" value="2021-10-19"/>
    <property name="java.home" value="C:\Program Files\Java\jdk-11.0.13"/>
    <property name="file.separator" value="\"/>
    <property name="basedir" value="C:\tallerKarate\Example02\KaratePerficient"/>
    <property name="java.vm.compressedOopsMode" value="Zero based"/>
    <property name="line.separator" value="&#10;"/>
    <property name="java.specification.name" value="Java Platform API Specification"/>
    <property name="java.vm.specification.vendor" value="Oracle Corporation"/>
    <property name="java.awt.graphicsenv" value="sun.awt.Win32GraphicsEnvironment"/>
    <property name="surefire.real.class.path" value="C:\Users\DAVID~1.MUN\AppData\Local\Temp\surefire9083809889934900917\surefirebooter10261025778360012410.jar"/>
    <property name="user.script" value=""/>
    <property name="sun.management.compiler" value="HotSpot 64-Bit Tiered Compilers"/>
    <property name="java.runtime.version" value="11.0.13+10-LTS-370"/>
    <property name="user.name" value="david.munozm"/>
    <property name="path.separator" value=";"/>
    <property name="os.version" value="10.0"/>
    <property name="java.runtime.name" value="Java(TM) SE Runtime Environment"/>
    <property name="file.encoding" value="UTF-8"/>
    <property name="java.vm.name" value="Java HotSpot(TM) 64-Bit Server VM"/>
    <property name="java.vendor.version" value="18.9"/>
    <property name="localRepository" value="C:\Users\david.munozm\.m2\repository"/>
    <property name="java.vendor.url.bug" value="https://bugreport.java.com/bugreport/"/>
    <property name="java.io.tmpdir" value="C:\Users\DAVID~1.MUN\AppData\Local\Temp\"/>
    <property name="java.version" value="11.0.13"/>
    <property name="user.dir" value="C:\tallerKarate\Example02\KaratePerficient"/>
    <property name="os.arch" value="amd64"/>
    <property name="java.vm.specification.name" value="Java Virtual Machine Specification"/>
    <property name="java.awt.printerjob" value="sun.awt.windows.WPrinterJob"/>
    <property name="user.language.format" value="es"/>
    <property name="sun.os.patch.level" value=""/>
    <property name="java.library.path" value="C:\Program Files\Java\jdk-11.0.13\bin;C:\windows\Sun\Java\bin;C:\windows\system32;C:\windows;C:\ProgramData\Boxstarter;C:\Program Files\Common Files\Oracle\Java\javapath;C:\windows\system32;C:\windows;C:\windows\System32\Wbem;C:\windows\System32\WindowsPowerShell\v1.0\;C:\windows\System32\OpenSSH\;C:\Program Files (x86)\Pulse Secure\VC142.CRT\X64\;C:\Program Files (x86)\Pulse Secure\VC142.CRT\X86\;C:\Program Files (x86)\NVIDIA Corporation\PhysX\Common;C:\Program Files\Docker\Docker\resources\bin;C:\ProgramData\DockerDesktop\version-bin;C:\Program Files\Java\jdk-11.0.13\bin;C:\ProgramData\chocolatey\bin;C:\Program Files\Git\cmd;C:\Program Files\gradle\gradle-5.4.1\bin;C:\Program Files\apache-maven-3.8.5\bin;%NVM_HOME%;%NVM_SYMLINK%;C:\Users\david.munozm\AppData\Local\Programs\Python\Python310\Scripts\;C:\Users\david.munozm\AppData\Local\Programs\Python\Python310\;C:\Users\david.munozm\AppData\Local\Microsoft\WindowsApps;C:\Users\david.munozm\AppData\Local\Programs\Microsoft VS Code\bin;C:\Users\david.munozm\AppData\Roaming\npm;C:\Users\david.munozm\AppData\Roaming\nvm;C:\Program Files\nodejs;."/>
    <property name="java.vendor" value="Oracle Corporation"/>
    <property name="java.vm.info" value="mixed mode"/>
    <property name="java.vm.version" value="11.0.13+10-LTS-370"/>
    <property name="sun.io.unicode.encoding" value="UnicodeLittle"/>
    <property name="java.class.version" value="55.0"/>
  </properties>
  <testcase name="testAll[1][1]" classname="PostmanApp.PostmanTest" time="2.935">
    <failure message="status code was: 401, expected: 200, response time in milliseconds: 1407, url: https://gorest.co.in/public/v2/users, response: &#10;{&quot;message&quot;:&quot;Authentication failed&quot;}&#10;classpath:PostmanApp/features/createUser.feature:13" type="org.opentest4j.AssertionFailedError">org.opentest4j.AssertionFailedError: 
status code was: 401, expected: 200, response time in milliseconds: 1407, url: https://gorest.co.in/public/v2/users, response: 
{"message":"Authentication failed"}
classpath:PostmanApp/features/createUser.feature:13
</failure>
    <system-out><![CDATA[15:31:27.555 [main] DEBUG com.intuit.karate.Suite - [config] classpath:karate-config.js
15:31:28.139 [main] INFO  com.intuit.karate - karate.env system property was: null 
15:31:28.603 [main] DEBUG com.intuit.karate - request:
1 > POST https://gorest.co.in/public/v2/users
1 > Content-Type: application/json; charset=UTF-8
1 > Content-Length: 94
1 > Host: gorest.co.in
1 > Connection: Keep-Alive
1 > User-Agent: Apache-HttpClient/4.5.13 (Java/11.0.13)
1 > Accept-Encoding: gzip,deflate
{"name":"Tenali Ramakrishna David","gender":"male","email":"david@15ce.com","status":"active"}

15:31:30.011 [main] DEBUG com.intuit.karate - response time in milliseconds: 1407
1 < 401
1 < Server: nginx
1 < Date: Fri, 01 Apr 2022 20:31:34 GMT
1 < Content-Type: application/json; charset=utf-8
1 < Transfer-Encoding: chunked
1 < Connection: keep-alive
1 < X-Frame-Options: SAMEORIGIN
1 < X-XSS-Protection: 0
1 < X-Content-Type-Options: nosniff
1 < X-Download-Options: noopen
1 < X-Permitted-Cross-Domain-Policies: none
1 < Referrer-Policy: strict-origin-when-cross-origin
1 < Cache-Control: no-cache
1 < X-Request-Id: 8a31b792-8f18-4269-8fe4-b89cf7cce073
1 < X-Runtime: 0.002254
1 < Strict-Transport-Security: max-age=63072000; includeSubDomains
1 < Vary: Origin
{"message":"Authentication failed"}

15:31:30.014 [main] ERROR com.intuit.karate - classpath:PostmanApp/features/createUser.feature:13
Then status 200
status code was: 401, expected: 200, response time in milliseconds: 1407, url: https://gorest.co.in/public/v2/users, response: 
{"message":"Authentication failed"}
classpath:PostmanApp/features/createUser.feature:13
---------------------------------------------------------
feature: classpath:PostmanApp/features/createUser.feature
scenarios:  1 | passed:  0 | failed:  1 | time: 1,8503
---------------------------------------------------------

Karate version: 1.2.0.RC4
======================================================
elapsed:   3,06 | threads:    1 | thread time: 1,85 
features:     1 | skipped:    0 | efficiency: 0,61
scenarios:    1 | passed:     0 | failed: 1
======================================================
>>> failed features:
status code was: 401, expected: 200, response time in milliseconds: 1407, url: https://gorest.co.in/public/v2/users, response: 
{"message":"Authentication failed"}
classpath:PostmanApp/features/createUser.feature:13
<<<

HTML report: (paste into browser to view) | Karate version: 1.2.0.RC4
file:///C:/tallerKarate/Example02/KaratePerficient/target/karate-reports/karate-summary.html
===================================================================

]]></system-out>
  </testcase>
</testsuite>